+ uname -s
+ [ Linux != Linux ]
+ [ ! -e stage1-linux ]
+ [ ! -e stage1-linux/install ]
+ [ ! -e stage1-openbsd/libs ]
+ mkdir -p stage2-linux
+ mkdir -p stage2-linux/rust-libs
+ cd stage2-linux
+ pwd
+ TOP=/opt/rust-cross-openbsd/stage2-linux
+ RUST_PREFIX=/opt/rust-cross-openbsd/stage2-linux/../stage1-linux/install
+ RUST_SRC=/opt/rust-cross-openbsd/stage2-linux/rust
+ RUSTC=/opt/rust-cross-openbsd/stage2-linux/../stage1-linux/install/bin/rustc
+ TARGET=x86_64-unknown-openbsd
+ DF_LIB_DIR=/opt/rust-cross-openbsd/stage2-linux/../stage1-openbsd/libs
+ RS_LIB_DIR=/opt/rust-cross-openbsd/stage2-linux/rust-libs
+ export LD_LIBRARY_PATH=/opt/rust-cross-openbsd/stage2-linux/../stage1-linux/install/lib
+ [ ! -e rust ]
+ git clone --reference /opt/rust-cross-openbsd/stage2-linux/../stage1-linux/rust https://github.com/rust-lang/rust.git
Cloning into 'rust'...
+ cd rust
+ git submodule init
Submodule 'src/compiler-rt' (https://github.com/rust-lang/compiler-rt.git) registered for path 'src/compiler-rt'
Submodule 'src/jemalloc' (https://github.com/rust-lang/jemalloc.git) registered for path 'src/jemalloc'
Submodule 'src/llvm' (https://github.com/rust-lang/llvm.git) registered for path 'src/llvm'
Submodule 'src/rt/hoedown' (https://github.com/rust-lang/hoedown.git) registered for path 'src/rt/hoedown'
+ git submodule update
Cloning into 'src/compiler-rt'...
Submodule path 'src/compiler-rt': checked out '62a4ca6055ad6fda8faf767b93b5736dcdfb7013'
Cloning into 'src/jemalloc'...
Submodule path 'src/jemalloc': checked out 'b001609960ca33047e5cbc5a231c1e24b6041d4b'
Cloning into 'src/llvm'...
Submodule path 'src/llvm': checked out 'ec1fdb3b9d3b1fb9e1dae97a65dd3a13db9bfb23'
Cloning into 'src/rt/hoedown'...
Submodule path 'src/rt/hoedown': checked out '238c4d57cce10d33b05cf52a91fc62a09f31ffbb'
+ [ ! -e .patched ]
+ patch -p1
patching file configure
patching file src/compiletest/util.rs
patching file src/doc/reference.md
patching file src/etc/mklldeps.py
patching file src/libgreen/stack.rs
patching file src/liblibc/lib.rs
Hunk #9 succeeded at 5074 with fuzz 1.
patching file src/libnative/io/process.rs
patching file src/librustc_back/arm.rs
patching file src/librustc_back/mips.rs
patching file src/librustc_back/mipsel.rs
patching file src/librustc_back/rpath.rs
patching file src/librustc_back/target/i386_unknown_openbsd.rs
patching file src/librustc_back/target/mod.rs
patching file src/librustc_back/target/openbsd_base.rs
patching file src/librustc_back/target/x86_64_unknown_openbsd.rs
patching file src/librustc_back/x86.rs
patching file src/librustc_back/x86_64.rs
patching file src/librustdoc/flock.rs
patching file src/librustrt/args.rs
patching file src/librustrt/libunwind.rs
patching file src/librustrt/mutex.rs
patching file src/librustrt/stack.rs
patching file src/librustrt/thread_local_storage.rs
patching file src/libstd/dynamic_lib.rs
patching file src/libstd/os.rs
Hunk #3 succeeded at 1650 with fuzz 1.
patching file src/libstd/rt/backtrace.rs
patching file src/libstd/rtdeps.rs
patching file src/libstd/sys/common/net.rs
patching file src/libstd/sys/unix/c.rs
patching file src/libstd/sys/unix/os.rs
patching file src/libstd/sys/unix/process.rs
patching file src/libsyntax/abi.rs
patching file src/rt/arch/i386/morestack.S
patching file src/rt/arch/x86_64/morestack.S
patching file src/rt/rust_builtin.c
patching file src/test/run-pass/dupe-first-attr.rc
patching file src/test/run-pass/intrinsic-alignment.rs
patching file src/test/run-pass/lang-item-public.rs
patching file src/test/run-pass/out-of-stack-new-thread-no-split.rs
patching file src/test/run-pass/out-of-stack-no-split.rs
patching file src/test/run-pass/rec-align-u64.rs
patching file src/test/run-pass/x86stdcall.rs
+ date
+ cd src/jemalloc
+ [ ! -e .patched ]
+ patch -p1
patching file configure
patching file configure.ac
+ date
+ cd ../llvm
+ [ ! -e .patched ]
+ patch -p1
patching file lib/Target/X86/X86FrameLowering.cpp
patching file lib/Target/X86/X86Subtarget.h
+ date
+ cd ../..
+ cp /opt/rust-cross-openbsd/stage2-linux/../stage1-openbsd/llvmdeps.rs /opt/rust-cross-openbsd/stage2-linux/rust/src/librustc_llvm/
+ export CFG_VERSION=0.13.0-dev
+ export CFG_RELEASE=openbsd-cross
+ export CFG_VER_HASH=hash
+ date
+ export CFG_VER_DATE=Wed Nov 19 15:28:22 PST 2014
+ export CFG_COMPILER_HOST_TRIPLE=i386-unknown-openbsd
+ export CFG_PREFIX=/usr/local
+ RUST_LIBS=core libc alloc unicode collections rustrt rand sync std native arena regex log fmt_macros serialize term syntax flate time getopts regex test coretest graphviz rustc_back rustc_llvm rbml rustc regex_macros green rustc_trans rustdoc
+ [ -e /opt/rust-cross-openbsd/stage2-linux/rust-libs/libcore.rlib ]
+ echo compiling core
compiling core
+ /opt/rust-cross-openbsd/stage2-linux/../stage1-linux/install/bin/rustc --target x86_64-unknown-openbsd --crate-type lib -L/opt/rust-cross-openbsd/stage2-linux/../stage1-openbsd/libs -L/opt/rust-cross-openbsd/stage2-linux/../stage1-openbsd/libs/llvm -L/opt/rust-cross-openbsd/stage2-linux/rust-libs /opt/rust-cross-openbsd/stage2-linux/rust/src/libcore/lib.rs -o /opt/rust-cross-openbsd/stage2-linux/rust-libs/libcore.rlib
+ [ -e /opt/rust-cross-openbsd/stage2-linux/rust-libs/liblibc.rlib ]
+ echo compiling libc
compiling libc
+ /opt/rust-cross-openbsd/stage2-linux/../stage1-linux/install/bin/rustc --target x86_64-unknown-openbsd --crate-type lib -L/opt/rust-cross-openbsd/stage2-linux/../stage1-openbsd/libs -L/opt/rust-cross-openbsd/stage2-linux/../stage1-openbsd/libs/llvm -L/opt/rust-cross-openbsd/stage2-linux/rust-libs /opt/rust-cross-openbsd/stage2-linux/rust/src/liblibc/lib.rs -o /opt/rust-cross-openbsd/stage2-linux/rust-libs/liblibc.rlib
+ [ -e /opt/rust-cross-openbsd/stage2-linux/rust-libs/liballoc.rlib ]
+ echo compiling alloc
compiling alloc
+ /opt/rust-cross-openbsd/stage2-linux/../stage1-linux/install/bin/rustc --target x86_64-unknown-openbsd --crate-type lib -L/opt/rust-cross-openbsd/stage2-linux/../stage1-openbsd/libs -L/opt/rust-cross-openbsd/stage2-linux/../stage1-openbsd/libs/llvm -L/opt/rust-cross-openbsd/stage2-linux/rust-libs /opt/rust-cross-openbsd/stage2-linux/rust/src/liballoc/lib.rs -o /opt/rust-cross-openbsd/stage2-linux/rust-libs/liballoc.rlib
+ [ -e /opt/rust-cross-openbsd/stage2-linux/rust-libs/libunicode.rlib ]
+ echo compiling unicode
compiling unicode
+ /opt/rust-cross-openbsd/stage2-linux/../stage1-linux/install/bin/rustc --target x86_64-unknown-openbsd --crate-type lib -L/opt/rust-cross-openbsd/stage2-linux/../stage1-openbsd/libs -L/opt/rust-cross-openbsd/stage2-linux/../stage1-openbsd/libs/llvm -L/opt/rust-cross-openbsd/stage2-linux/rust-libs /opt/rust-cross-openbsd/stage2-linux/rust/src/libunicode/lib.rs -o /opt/rust-cross-openbsd/stage2-linux/rust-libs/libunicode.rlib
+ [ -e /opt/rust-cross-openbsd/stage2-linux/rust-libs/libcollections.rlib ]
+ echo compiling collections
compiling collections
+ /opt/rust-cross-openbsd/stage2-linux/../stage1-linux/install/bin/rustc --target x86_64-unknown-openbsd --crate-type lib -L/opt/rust-cross-openbsd/stage2-linux/../stage1-openbsd/libs -L/opt/rust-cross-openbsd/stage2-linux/../stage1-openbsd/libs/llvm -L/opt/rust-cross-openbsd/stage2-linux/rust-libs /opt/rust-cross-openbsd/stage2-linux/rust/src/libcollections/lib.rs -o /opt/rust-cross-openbsd/stage2-linux/rust-libs/libcollections.rlib
+ [ -e /opt/rust-cross-openbsd/stage2-linux/rust-libs/librustrt.rlib ]
+ echo compiling rustrt
compiling rustrt
+ /opt/rust-cross-openbsd/stage2-linux/../stage1-linux/install/bin/rustc --target x86_64-unknown-openbsd --crate-type lib -L/opt/rust-cross-openbsd/stage2-linux/../stage1-openbsd/libs -L/opt/rust-cross-openbsd/stage2-linux/../stage1-openbsd/libs/llvm -L/opt/rust-cross-openbsd/stage2-linux/rust-libs /opt/rust-cross-openbsd/stage2-linux/rust/src/librustrt/lib.rs -o /opt/rust-cross-openbsd/stage2-linux/rust-libs/librustrt.rlib
+ [ -e /opt/rust-cross-openbsd/stage2-linux/rust-libs/librand.rlib ]
+ echo compiling rand
compiling rand
+ /opt/rust-cross-openbsd/stage2-linux/../stage1-linux/install/bin/rustc --target x86_64-unknown-openbsd --crate-type lib -L/opt/rust-cross-openbsd/stage2-linux/../stage1-openbsd/libs -L/opt/rust-cross-openbsd/stage2-linux/../stage1-openbsd/libs/llvm -L/opt/rust-cross-openbsd/stage2-linux/rust-libs /opt/rust-cross-openbsd/stage2-linux/rust/src/librand/lib.rs -o /opt/rust-cross-openbsd/stage2-linux/rust-libs/librand.rlib
+ [ -e /opt/rust-cross-openbsd/stage2-linux/rust-libs/libsync.rlib ]
+ echo compiling sync
compiling sync
+ /opt/rust-cross-openbsd/stage2-linux/../stage1-linux/install/bin/rustc --target x86_64-unknown-openbsd --crate-type lib -L/opt/rust-cross-openbsd/stage2-linux/../stage1-openbsd/libs -L/opt/rust-cross-openbsd/stage2-linux/../stage1-openbsd/libs/llvm -L/opt/rust-cross-openbsd/stage2-linux/rust-libs /opt/rust-cross-openbsd/stage2-linux/rust/src/libsync/lib.rs -o /opt/rust-cross-openbsd/stage2-linux/rust-libs/libsync.rlib
+ [ -e /opt/rust-cross-openbsd/stage2-linux/rust-libs/libstd.rlib ]
+ echo compiling std
compiling std
+ /opt/rust-cross-openbsd/stage2-linux/../stage1-linux/install/bin/rustc --target x86_64-unknown-openbsd --crate-type lib -L/opt/rust-cross-openbsd/stage2-linux/../stage1-openbsd/libs -L/opt/rust-cross-openbsd/stage2-linux/../stage1-openbsd/libs/llvm -L/opt/rust-cross-openbsd/stage2-linux/rust-libs /opt/rust-cross-openbsd/stage2-linux/rust/src/libstd/lib.rs -o /opt/rust-cross-openbsd/stage2-linux/rust-libs/libstd.rlib
+ [ -e /opt/rust-cross-openbsd/stage2-linux/rust-libs/libnative.rlib ]
+ echo compiling native
compiling native
+ /opt/rust-cross-openbsd/stage2-linux/../stage1-linux/install/bin/rustc --target x86_64-unknown-openbsd --crate-type lib -L/opt/rust-cross-openbsd/stage2-linux/../stage1-openbsd/libs -L/opt/rust-cross-openbsd/stage2-linux/../stage1-openbsd/libs/llvm -L/opt/rust-cross-openbsd/stage2-linux/rust-libs /opt/rust-cross-openbsd/stage2-linux/rust/src/libnative/lib.rs -o /opt/rust-cross-openbsd/stage2-linux/rust-libs/libnative.rlib
+ [ -e /opt/rust-cross-openbsd/stage2-linux/rust-libs/libarena.rlib ]
+ echo compiling arena
compiling arena
+ /opt/rust-cross-openbsd/stage2-linux/../stage1-linux/install/bin/rustc --target x86_64-unknown-openbsd --crate-type lib -L/opt/rust-cross-openbsd/stage2-linux/../stage1-openbsd/libs -L/opt/rust-cross-openbsd/stage2-linux/../stage1-openbsd/libs/llvm -L/opt/rust-cross-openbsd/stage2-linux/rust-libs /opt/rust-cross-openbsd/stage2-linux/rust/src/libarena/lib.rs -o /opt/rust-cross-openbsd/stage2-linux/rust-libs/libarena.rlib
+ [ -e /opt/rust-cross-openbsd/stage2-linux/rust-libs/libregex.rlib ]
+ echo compiling regex
compiling regex
+ /opt/rust-cross-openbsd/stage2-linux/../stage1-linux/install/bin/rustc --target x86_64-unknown-openbsd --crate-type lib -L/opt/rust-cross-openbsd/stage2-linux/../stage1-openbsd/libs -L/opt/rust-cross-openbsd/stage2-linux/../stage1-openbsd/libs/llvm -L/opt/rust-cross-openbsd/stage2-linux/rust-libs /opt/rust-cross-openbsd/stage2-linux/rust/src/libregex/lib.rs -o /opt/rust-cross-openbsd/stage2-linux/rust-libs/libregex.rlib
+ [ -e /opt/rust-cross-openbsd/stage2-linux/rust-libs/liblog.rlib ]
+ echo compiling log
compiling log
+ /opt/rust-cross-openbsd/stage2-linux/../stage1-linux/install/bin/rustc --target x86_64-unknown-openbsd --crate-type lib -L/opt/rust-cross-openbsd/stage2-linux/../stage1-openbsd/libs -L/opt/rust-cross-openbsd/stage2-linux/../stage1-openbsd/libs/llvm -L/opt/rust-cross-openbsd/stage2-linux/rust-libs /opt/rust-cross-openbsd/stage2-linux/rust/src/liblog/lib.rs -o /opt/rust-cross-openbsd/stage2-linux/rust-libs/liblog.rlib
+ [ -e /opt/rust-cross-openbsd/stage2-linux/rust-libs/libfmt_macros.rlib ]
+ echo compiling fmt_macros
compiling fmt_macros
+ /opt/rust-cross-openbsd/stage2-linux/../stage1-linux/install/bin/rustc --target x86_64-unknown-openbsd --crate-type lib -L/opt/rust-cross-openbsd/stage2-linux/../stage1-openbsd/libs -L/opt/rust-cross-openbsd/stage2-linux/../stage1-openbsd/libs/llvm -L/opt/rust-cross-openbsd/stage2-linux/rust-libs /opt/rust-cross-openbsd/stage2-linux/rust/src/libfmt_macros/lib.rs -o /opt/rust-cross-openbsd/stage2-linux/rust-libs/libfmt_macros.rlib
+ [ -e /opt/rust-cross-openbsd/stage2-linux/rust-libs/libserialize.rlib ]
+ echo compiling serialize
compiling serialize
+ /opt/rust-cross-openbsd/stage2-linux/../stage1-linux/install/bin/rustc --target x86_64-unknown-openbsd --crate-type lib -L/opt/rust-cross-openbsd/stage2-linux/../stage1-openbsd/libs -L/opt/rust-cross-openbsd/stage2-linux/../stage1-openbsd/libs/llvm -L/opt/rust-cross-openbsd/stage2-linux/rust-libs /opt/rust-cross-openbsd/stage2-linux/rust/src/libserialize/lib.rs -o /opt/rust-cross-openbsd/stage2-linux/rust-libs/libserialize.rlib
+ [ -e /opt/rust-cross-openbsd/stage2-linux/rust-libs/libterm.rlib ]
+ echo compiling term
compiling term
+ /opt/rust-cross-openbsd/stage2-linux/../stage1-linux/install/bin/rustc --target x86_64-unknown-openbsd --crate-type lib -L/opt/rust-cross-openbsd/stage2-linux/../stage1-openbsd/libs -L/opt/rust-cross-openbsd/stage2-linux/../stage1-openbsd/libs/llvm -L/opt/rust-cross-openbsd/stage2-linux/rust-libs /opt/rust-cross-openbsd/stage2-linux/rust/src/libterm/lib.rs -o /opt/rust-cross-openbsd/stage2-linux/rust-libs/libterm.rlib
+ [ -e /opt/rust-cross-openbsd/stage2-linux/rust-libs/libsyntax.rlib ]
+ echo compiling syntax
compiling syntax
+ /opt/rust-cross-openbsd/stage2-linux/../stage1-linux/install/bin/rustc --target x86_64-unknown-openbsd --crate-type lib -L/opt/rust-cross-openbsd/stage2-linux/../stage1-openbsd/libs -L/opt/rust-cross-openbsd/stage2-linux/../stage1-openbsd/libs/llvm -L/opt/rust-cross-openbsd/stage2-linux/rust-libs /opt/rust-cross-openbsd/stage2-linux/rust/src/libsyntax/lib.rs -o /opt/rust-cross-openbsd/stage2-linux/rust-libs/libsyntax.rlib
/opt/rust-cross-openbsd/stage2-linux/rust/src/libsyntax/lib.rs:28:19: 28:33 warning: feature has been added to Rust, directive not necessary
/opt/rust-cross-openbsd/stage2-linux/rust/src/libsyntax/lib.rs:28 #![feature(quote, struct_variant, unsafe_destructor, import_shadowing)]
                                                                                    ^~~~~~~~~~~~~~
+ [ -e /opt/rust-cross-openbsd/stage2-linux/rust-libs/libflate.rlib ]
+ echo compiling flate
compiling flate
+ /opt/rust-cross-openbsd/stage2-linux/../stage1-linux/install/bin/rustc --target x86_64-unknown-openbsd --crate-type lib -L/opt/rust-cross-openbsd/stage2-linux/../stage1-openbsd/libs -L/opt/rust-cross-openbsd/stage2-linux/../stage1-openbsd/libs/llvm -L/opt/rust-cross-openbsd/stage2-linux/rust-libs /opt/rust-cross-openbsd/stage2-linux/rust/src/libflate/lib.rs -o /opt/rust-cross-openbsd/stage2-linux/rust-libs/libflate.rlib
+ [ -e /opt/rust-cross-openbsd/stage2-linux/rust-libs/libtime.rlib ]
+ echo compiling time
compiling time
+ /opt/rust-cross-openbsd/stage2-linux/../stage1-linux/install/bin/rustc --target x86_64-unknown-openbsd --crate-type lib -L/opt/rust-cross-openbsd/stage2-linux/../stage1-openbsd/libs -L/opt/rust-cross-openbsd/stage2-linux/../stage1-openbsd/libs/llvm -L/opt/rust-cross-openbsd/stage2-linux/rust-libs /opt/rust-cross-openbsd/stage2-linux/rust/src/libtime/lib.rs -o /opt/rust-cross-openbsd/stage2-linux/rust-libs/libtime.rlib
+ [ -e /opt/rust-cross-openbsd/stage2-linux/rust-libs/libgetopts.rlib ]
+ echo compiling getopts
compiling getopts
+ /opt/rust-cross-openbsd/stage2-linux/../stage1-linux/install/bin/rustc --target x86_64-unknown-openbsd --crate-type lib -L/opt/rust-cross-openbsd/stage2-linux/../stage1-openbsd/libs -L/opt/rust-cross-openbsd/stage2-linux/../stage1-openbsd/libs/llvm -L/opt/rust-cross-openbsd/stage2-linux/rust-libs /opt/rust-cross-openbsd/stage2-linux/rust/src/libgetopts/lib.rs -o /opt/rust-cross-openbsd/stage2-linux/rust-libs/libgetopts.rlib
+ [ -e /opt/rust-cross-openbsd/stage2-linux/rust-libs/libregex.rlib ]
+ echo skipping regex
skipping regex
+ [ -e /opt/rust-cross-openbsd/stage2-linux/rust-libs/libtest.rlib ]
+ echo compiling test
compiling test
+ /opt/rust-cross-openbsd/stage2-linux/../stage1-linux/install/bin/rustc --target x86_64-unknown-openbsd --crate-type lib -L/opt/rust-cross-openbsd/stage2-linux/../stage1-openbsd/libs -L/opt/rust-cross-openbsd/stage2-linux/../stage1-openbsd/libs/llvm -L/opt/rust-cross-openbsd/stage2-linux/rust-libs /opt/rust-cross-openbsd/stage2-linux/rust/src/libtest/lib.rs -o /opt/rust-cross-openbsd/stage2-linux/rust-libs/libtest.rlib
+ [ -e /opt/rust-cross-openbsd/stage2-linux/rust-libs/libcoretest.rlib ]
+ echo compiling coretest
compiling coretest
+ /opt/rust-cross-openbsd/stage2-linux/../stage1-linux/install/bin/rustc --target x86_64-unknown-openbsd --crate-type lib -L/opt/rust-cross-openbsd/stage2-linux/../stage1-openbsd/libs -L/opt/rust-cross-openbsd/stage2-linux/../stage1-openbsd/libs/llvm -L/opt/rust-cross-openbsd/stage2-linux/rust-libs /opt/rust-cross-openbsd/stage2-linux/rust/src/libcoretest/lib.rs -o /opt/rust-cross-openbsd/stage2-linux/rust-libs/libcoretest.rlib
/opt/rust-cross-openbsd/stage2-linux/rust/src/libcoretest/any.rs:10:5: 10:18 warning: unused import, #[warn(unused_imports)] on by default
/opt/rust-cross-openbsd/stage2-linux/rust/src/libcoretest/any.rs:10 use core::any::*;
                                                                        ^~~~~~~~~~~~~
/opt/rust-cross-openbsd/stage2-linux/rust/src/libcoretest/any.rs:11:5: 11:18 warning: unused import, #[warn(unused_imports)] on by default
/opt/rust-cross-openbsd/stage2-linux/rust/src/libcoretest/any.rs:11 use test::Bencher;
                                                                        ^~~~~~~~~~~~~
/opt/rust-cross-openbsd/stage2-linux/rust/src/libcoretest/any.rs:12:5: 12:9 warning: unused import, #[warn(unused_imports)] on by default
/opt/rust-cross-openbsd/stage2-linux/rust/src/libcoretest/any.rs:12 use test;
                                                                        ^~~~
/opt/rust-cross-openbsd/stage2-linux/rust/src/libcoretest/any.rs:15:1: 15:13 warning: struct is never used: `Test`, #[warn(dead_code)] on by default
/opt/rust-cross-openbsd/stage2-linux/rust/src/libcoretest/any.rs:15 struct Test;
                                                                    ^~~~~~~~~~~~
/opt/rust-cross-openbsd/stage2-linux/rust/src/libcoretest/any.rs:17:1: 17:36 warning: static item is never used: `TEST`, #[warn(dead_code)] on by default
/opt/rust-cross-openbsd/stage2-linux/rust/src/libcoretest/any.rs:17 static TEST: &'static str = "Test";
                                                                    ^~~~~~~~~~~~~~~~~~~~~~~~~~~~~~~~~~~
/opt/rust-cross-openbsd/stage2-linux/rust/src/libcoretest/atomic.rs:72:1: 72:47 warning: static item is never used: `S_BOOL`, #[warn(dead_code)] on by default
/opt/rust-cross-openbsd/stage2-linux/rust/src/libcoretest/atomic.rs:72 static S_BOOL : AtomicBool = INIT_ATOMIC_BOOL;
                                                                       ^~~~~~~~~~~~~~~~~~~~~~~~~~~~~~~~~~~~~~~~~~~~~~
/opt/rust-cross-openbsd/stage2-linux/rust/src/libcoretest/atomic.rs:73:1: 73:46 warning: static item is never used: `S_INT`, #[warn(dead_code)] on by default
/opt/rust-cross-openbsd/stage2-linux/rust/src/libcoretest/atomic.rs:73 static S_INT  : AtomicInt  = INIT_ATOMIC_INT;
                                                                       ^~~~~~~~~~~~~~~~~~~~~~~~~~~~~~~~~~~~~~~~~~~~~
/opt/rust-cross-openbsd/stage2-linux/rust/src/libcoretest/atomic.rs:74:1: 74:47 warning: static item is never used: `S_UINT`, #[warn(dead_code)] on by default
/opt/rust-cross-openbsd/stage2-linux/rust/src/libcoretest/atomic.rs:74 static S_UINT : AtomicUint = INIT_ATOMIC_UINT;
                                                                       ^~~~~~~~~~~~~~~~~~~~~~~~~~~~~~~~~~~~~~~~~~~~~~
/opt/rust-cross-openbsd/stage2-linux/rust/src/libcoretest/cell.rs:11:5: 11:19 warning: unused import, #[warn(unused_imports)] on by default
/opt/rust-cross-openbsd/stage2-linux/rust/src/libcoretest/cell.rs:11 use core::cell::*;
                                                                         ^~~~~~~~~~~~~~
/opt/rust-cross-openbsd/stage2-linux/rust/src/libcoretest/cell.rs:12:5: 12:27 warning: unused import, #[warn(unused_imports)] on by default
/opt/rust-cross-openbsd/stage2-linux/rust/src/libcoretest/cell.rs:12 use core::default::Default;
                                                                         ^~~~~~~~~~~~~~~~~~~~~~
/opt/rust-cross-openbsd/stage2-linux/rust/src/libcoretest/cell.rs:13:5: 13:19 warning: unused import, #[warn(unused_imports)] on by default
/opt/rust-cross-openbsd/stage2-linux/rust/src/libcoretest/cell.rs:13 use std::mem::drop;
                                                                         ^~~~~~~~~~~~~~
/opt/rust-cross-openbsd/stage2-linux/rust/src/libcoretest/char.rs:13:18: 13:32 warning: unused import, #[warn(unused_imports)] on by default
/opt/rust-cross-openbsd/stage2-linux/rust/src/libcoretest/char.rs:13 use core::char::{escape_unicode, escape_default};
                                                                                      ^~~~~~~~~~~~~~
/opt/rust-cross-openbsd/stage2-linux/rust/src/libcoretest/char.rs:13:34: 13:48 warning: unused import, #[warn(unused_imports)] on by default
/opt/rust-cross-openbsd/stage2-linux/rust/src/libcoretest/char.rs:13 use core::char::{escape_unicode, escape_default};
                                                                                                      ^~~~~~~~~~~~~~
/opt/rust-cross-openbsd/stage2-linux/rust/src/libcoretest/cmp.rs:11:18: 11:29 warning: unused import, #[warn(unused_imports)] on by default
/opt/rust-cross-openbsd/stage2-linux/rust/src/libcoretest/cmp.rs:11 use core::cmp::{ partial_min, partial_max };
                                                                                     ^~~~~~~~~~~
/opt/rust-cross-openbsd/stage2-linux/rust/src/libcoretest/cmp.rs:11:31: 11:42 warning: unused import, #[warn(unused_imports)] on by default
/opt/rust-cross-openbsd/stage2-linux/rust/src/libcoretest/cmp.rs:11 use core::cmp::{ partial_min, partial_max };
                                                                                                  ^~~~~~~~~~~
/opt/rust-cross-openbsd/stage2-linux/rust/src/libcoretest/finally.rs:11:21: 11:32 warning: unused import, #[warn(unused_imports)] on by default
/opt/rust-cross-openbsd/stage2-linux/rust/src/libcoretest/finally.rs:11 use core::finally::{try_finally, Finally};
                                                                                            ^~~~~~~~~~~
/opt/rust-cross-openbsd/stage2-linux/rust/src/libcoretest/finally.rs:11:34: 11:41 warning: unused import, #[warn(unused_imports)] on by default
/opt/rust-cross-openbsd/stage2-linux/rust/src/libcoretest/finally.rs:11 use core::finally::{try_finally, Finally};
                                                                                                         ^~~~~~~
/opt/rust-cross-openbsd/stage2-linux/rust/src/libcoretest/finally.rs:12:5: 12:23 warning: unused import, #[warn(unused_imports)] on by default
/opt/rust-cross-openbsd/stage2-linux/rust/src/libcoretest/finally.rs:12 use std::task::failing;
                                                                            ^~~~~~~~~~~~~~~~~~
/opt/rust-cross-openbsd/stage2-linux/rust/src/libcoretest/fmt/num.rs:12:5: 12:21 warning: unused import, #[warn(unused_imports)] on by default
/opt/rust-cross-openbsd/stage2-linux/rust/src/libcoretest/fmt/num.rs:12 use core::fmt::radix;
                                                                            ^~~~~~~~~~~~~~~~
/opt/rust-cross-openbsd/stage2-linux/rust/src/libcoretest/fmt/num.rs:165:9: 165:22 warning: unused import, #[warn(unused_imports)] on by default
/opt/rust-cross-openbsd/stage2-linux/rust/src/libcoretest/fmt/num.rs:165     use test::Bencher;
                                                                                 ^~~~~~~~~~~~~
/opt/rust-cross-openbsd/stage2-linux/rust/src/libcoretest/fmt/num.rs:166:9: 166:25 warning: unused import, #[warn(unused_imports)] on by default
/opt/rust-cross-openbsd/stage2-linux/rust/src/libcoretest/fmt/num.rs:166     use core::fmt::radix;
                                                                                 ^~~~~~~~~~~~~~~~
/opt/rust-cross-openbsd/stage2-linux/rust/src/libcoretest/fmt/num.rs:167:21: 167:29 warning: unused import, #[warn(unused_imports)] on by default
/opt/rust-cross-openbsd/stage2-linux/rust/src/libcoretest/fmt/num.rs:167     use std::rand::{weak_rng, Rng};
                                                                                             ^~~~~~~~
/opt/rust-cross-openbsd/stage2-linux/rust/src/libcoretest/fmt/num.rs:167:31: 167:34 warning: unused import, #[warn(unused_imports)] on by default
/opt/rust-cross-openbsd/stage2-linux/rust/src/libcoretest/fmt/num.rs:167     use std::rand::{weak_rng, Rng};
                                                                                                       ^~~
/opt/rust-cross-openbsd/stage2-linux/rust/src/libcoretest/fmt/num.rs:201:9: 201:22 warning: unused import, #[warn(unused_imports)] on by default
/opt/rust-cross-openbsd/stage2-linux/rust/src/libcoretest/fmt/num.rs:201     use test::Bencher;
                                                                                 ^~~~~~~~~~~~~
/opt/rust-cross-openbsd/stage2-linux/rust/src/libcoretest/fmt/num.rs:202:9: 202:25 warning: unused import, #[warn(unused_imports)] on by default
/opt/rust-cross-openbsd/stage2-linux/rust/src/libcoretest/fmt/num.rs:202     use core::fmt::radix;
                                                                                 ^~~~~~~~~~~~~~~~
/opt/rust-cross-openbsd/stage2-linux/rust/src/libcoretest/fmt/num.rs:203:21: 203:29 warning: unused import, #[warn(unused_imports)] on by default
/opt/rust-cross-openbsd/stage2-linux/rust/src/libcoretest/fmt/num.rs:203     use std::rand::{weak_rng, Rng};
                                                                                             ^~~~~~~~
/opt/rust-cross-openbsd/stage2-linux/rust/src/libcoretest/fmt/num.rs:203:31: 203:34 warning: unused import, #[warn(unused_imports)] on by default
/opt/rust-cross-openbsd/stage2-linux/rust/src/libcoretest/fmt/num.rs:203     use std::rand::{weak_rng, Rng};
                                                                                                       ^~~
/opt/rust-cross-openbsd/stage2-linux/rust/src/libcoretest/iter.rs:11:5: 11:19 warning: unused import, #[warn(unused_imports)] on by default
/opt/rust-cross-openbsd/stage2-linux/rust/src/libcoretest/iter.rs:11 use core::iter::*;
                                                                         ^~~~~~~~~~~~~~
/opt/rust-cross-openbsd/stage2-linux/rust/src/libcoretest/iter.rs:12:5: 12:26 warning: unused import, #[warn(unused_imports)] on by default
/opt/rust-cross-openbsd/stage2-linux/rust/src/libcoretest/iter.rs:12 use core::iter::order::*;
                                                                         ^~~~~~~~~~~~~~~~~~~~~
/opt/rust-cross-openbsd/stage2-linux/rust/src/libcoretest/iter.rs:13:5: 13:25 warning: unused import, #[warn(unused_imports)] on by default
/opt/rust-cross-openbsd/stage2-linux/rust/src/libcoretest/iter.rs:13 use core::num::SignedInt;
                                                                         ^~~~~~~~~~~~~~~~~~~~
/opt/rust-cross-openbsd/stage2-linux/rust/src/libcoretest/iter.rs:14:5: 14:15 warning: unused import, #[warn(unused_imports)] on by default
/opt/rust-cross-openbsd/stage2-linux/rust/src/libcoretest/iter.rs:14 use core::uint;
                                                                         ^~~~~~~~~~
/opt/rust-cross-openbsd/stage2-linux/rust/src/libcoretest/iter.rs:15:5: 15:14 warning: unused import, #[warn(unused_imports)] on by default
/opt/rust-cross-openbsd/stage2-linux/rust/src/libcoretest/iter.rs:15 use core::cmp;
                                                                         ^~~~~~~~~
/opt/rust-cross-openbsd/stage2-linux/rust/src/libcoretest/iter.rs:16:5: 16:21 warning: unused import, #[warn(unused_imports)] on by default
/opt/rust-cross-openbsd/stage2-linux/rust/src/libcoretest/iter.rs:16 use core::ops::Slice;
                                                                         ^~~~~~~~~~~~~~~~
/opt/rust-cross-openbsd/stage2-linux/rust/src/libcoretest/iter.rs:18:5: 18:18 warning: unused import, #[warn(unused_imports)] on by default
/opt/rust-cross-openbsd/stage2-linux/rust/src/libcoretest/iter.rs:18 use test::Bencher;
                                                                         ^~~~~~~~~~~~~
/opt/rust-cross-openbsd/stage2-linux/rust/src/libcoretest/mem.rs:10:5: 10:18 warning: unused import, #[warn(unused_imports)] on by default
/opt/rust-cross-openbsd/stage2-linux/rust/src/libcoretest/mem.rs:10 use core::mem::*;
                                                                        ^~~~~~~~~~~~~
/opt/rust-cross-openbsd/stage2-linux/rust/src/libcoretest/mem.rs:11:5: 11:18 warning: unused import, #[warn(unused_imports)] on by default
/opt/rust-cross-openbsd/stage2-linux/rust/src/libcoretest/mem.rs:11 use test::Bencher;
                                                                        ^~~~~~~~~~~~~
/opt/rust-cross-openbsd/stage2-linux/rust/src/libcoretest/mem.rs:120:1: 122:2 warning: struct is never used: `Struct`, #[warn(dead_code)] on by default
/opt/rust-cross-openbsd/stage2-linux/rust/src/libcoretest/mem.rs:120 struct Struct {
/opt/rust-cross-openbsd/stage2-linux/rust/src/libcoretest/mem.rs:121     field: int
/opt/rust-cross-openbsd/stage2-linux/rust/src/libcoretest/mem.rs:122 }
/opt/rust-cross-openbsd/stage2-linux/rust/src/libcoretest/num/mod.rs:30:1: 47:2 warning: function is never used: `test_num`, #[warn(dead_code)] on by default
/opt/rust-cross-openbsd/stage2-linux/rust/src/libcoretest/num/mod.rs:30 pub fn test_num<T>(ten: T, two: T) where
/opt/rust-cross-openbsd/stage2-linux/rust/src/libcoretest/num/mod.rs:31     T: PartialEq + NumCast
/opt/rust-cross-openbsd/stage2-linux/rust/src/libcoretest/num/mod.rs:32      + Add<T, T> + Sub<T, T>
/opt/rust-cross-openbsd/stage2-linux/rust/src/libcoretest/num/mod.rs:33      + Mul<T, T> + Div<T, T>
/opt/rust-cross-openbsd/stage2-linux/rust/src/libcoretest/num/mod.rs:34      + Rem<T, T> + Show
/opt/rust-cross-openbsd/stage2-linux/rust/src/libcoretest/num/mod.rs:35 {
                                                                        ...
/opt/rust-cross-openbsd/stage2-linux/rust/src/libcoretest/ops.rs:11:5: 11:18 warning: unused import, #[warn(unused_imports)] on by default
/opt/rust-cross-openbsd/stage2-linux/rust/src/libcoretest/ops.rs:11 use test::Bencher;
                                                                        ^~~~~~~~~~~~~
/opt/rust-cross-openbsd/stage2-linux/rust/src/libcoretest/ops.rs:15:1: 17:2 warning: struct is never used: `HasDtor`, #[warn(dead_code)] on by default
/opt/rust-cross-openbsd/stage2-linux/rust/src/libcoretest/ops.rs:15 struct HasDtor {
/opt/rust-cross-openbsd/stage2-linux/rust/src/libcoretest/ops.rs:16     _x: int
/opt/rust-cross-openbsd/stage2-linux/rust/src/libcoretest/ops.rs:17 }
/opt/rust-cross-openbsd/stage2-linux/rust/src/libcoretest/option.rs:11:5: 11:21 warning: unused import, #[warn(unused_imports)] on by default
/opt/rust-cross-openbsd/stage2-linux/rust/src/libcoretest/option.rs:11 use core::option::*;
                                                                           ^~~~~~~~~~~~~~~~
/opt/rust-cross-openbsd/stage2-linux/rust/src/libcoretest/option.rs:12:5: 12:24 warning: unused import, #[warn(unused_imports)] on by default
/opt/rust-cross-openbsd/stage2-linux/rust/src/libcoretest/option.rs:12 use core::kinds::marker;
                                                                           ^~~~~~~~~~~~~~~~~~~
/opt/rust-cross-openbsd/stage2-linux/rust/src/libcoretest/option.rs:13:5: 13:14 warning: unused import, #[warn(unused_imports)] on by default
/opt/rust-cross-openbsd/stage2-linux/rust/src/libcoretest/option.rs:13 use core::mem;
                                                                           ^~~~~~~~~
/opt/rust-cross-openbsd/stage2-linux/rust/src/libcoretest/option.rs:14:5: 14:23 warning: unused import, #[warn(unused_imports)] on by default
/opt/rust-cross-openbsd/stage2-linux/rust/src/libcoretest/option.rs:14 use core::clone::Clone;
                                                                           ^~~~~~~~~~~~~~~~~~
/opt/rust-cross-openbsd/stage2-linux/rust/src/libcoretest/ptr.rs:11:5: 11:18 warning: unused import, #[warn(unused_imports)] on by default
/opt/rust-cross-openbsd/stage2-linux/rust/src/libcoretest/ptr.rs:11 use core::ptr::*;
                                                                        ^~~~~~~~~~~~~
/opt/rust-cross-openbsd/stage2-linux/rust/src/libcoretest/ptr.rs:12:5: 12:14 warning: unused import, #[warn(unused_imports)] on by default
/opt/rust-cross-openbsd/stage2-linux/rust/src/libcoretest/ptr.rs:12 use core::mem;
                                                                        ^~~~~~~~~
/opt/rust-cross-openbsd/stage2-linux/rust/src/libcoretest/raw.rs:11:5: 11:18 warning: unused import, #[warn(unused_imports)] on by default
/opt/rust-cross-openbsd/stage2-linux/rust/src/libcoretest/raw.rs:11 use core::raw::*;
                                                                        ^~~~~~~~~~~~~
/opt/rust-cross-openbsd/stage2-linux/rust/src/libcoretest/raw.rs:12:5: 12:14 warning: unused import, #[warn(unused_imports)] on by default
/opt/rust-cross-openbsd/stage2-linux/rust/src/libcoretest/raw.rs:12 use core::mem;
                                                                        ^~~~~~~~~
/opt/rust-cross-openbsd/stage2-linux/rust/src/libcoretest/result.rs:11:5: 11:22 warning: unused import, #[warn(unused_imports)] on by default
/opt/rust-cross-openbsd/stage2-linux/rust/src/libcoretest/result.rs:11 use core::iter::range;
                                                                           ^~~~~~~~~~~~~~~~~
/opt/rust-cross-openbsd/stage2-linux/rust/src/libcoretest/result.rs:13:1: 13:54 warning: function is never used: `op1`, #[warn(dead_code)] on by default
/opt/rust-cross-openbsd/stage2-linux/rust/src/libcoretest/result.rs:13 pub fn op1() -> Result<int, &'static str> { Ok(666) }
                                                                       ^~~~~~~~~~~~~~~~~~~~~~~~~~~~~~~~~~~~~~~~~~~~~~~~~~~~~
/opt/rust-cross-openbsd/stage2-linux/rust/src/libcoretest/result.rs:14:1: 14:61 warning: function is never used: `op2`, #[warn(dead_code)] on by default
/opt/rust-cross-openbsd/stage2-linux/rust/src/libcoretest/result.rs:14 pub fn op2() -> Result<int, &'static str> { Err("sadface") }
                                                                       ^~~~~~~~~~~~~~~~~~~~~~~~~~~~~~~~~~~~~~~~~~~~~~~~~~~~~~~~~~~~
/opt/rust-cross-openbsd/stage2-linux/rust/src/libcoretest/slice.rs:11:18: 11:23 warning: unused import, #[warn(unused_imports)] on by default
/opt/rust-cross-openbsd/stage2-linux/rust/src/libcoretest/slice.rs:11 use std::slice::{Found, NotFound};
                                                                                       ^~~~~
/opt/rust-cross-openbsd/stage2-linux/rust/src/libcoretest/slice.rs:11:25: 11:33 warning: unused import, #[warn(unused_imports)] on by default
/opt/rust-cross-openbsd/stage2-linux/rust/src/libcoretest/slice.rs:11 use std::slice::{Found, NotFound};
                                                                                              ^~~~~~~~
/opt/rust-cross-openbsd/stage2-linux/rust/src/libcoretest/str.rs:18:1: 25:2 warning: function is never used: `check_contains_all_substrings`, #[warn(dead_code)] on by default
/opt/rust-cross-openbsd/stage2-linux/rust/src/libcoretest/str.rs:18 fn check_contains_all_substrings(s: &str) {
/opt/rust-cross-openbsd/stage2-linux/rust/src/libcoretest/str.rs:19     assert!(s.contains(""));
/opt/rust-cross-openbsd/stage2-linux/rust/src/libcoretest/str.rs:20     for i in range(0, s.len()) {
/opt/rust-cross-openbsd/stage2-linux/rust/src/libcoretest/str.rs:21         for j in range(i+1, s.len() + 1) {
/opt/rust-cross-openbsd/stage2-linux/rust/src/libcoretest/str.rs:22             assert!(s.contains(s.slice(i, j)));
/opt/rust-cross-openbsd/stage2-linux/rust/src/libcoretest/str.rs:23         }
                                                                    ...
+ [ -e /opt/rust-cross-openbsd/stage2-linux/rust-libs/libgraphviz.rlib ]
+ echo compiling graphviz
compiling graphviz
+ /opt/rust-cross-openbsd/stage2-linux/../stage1-linux/install/bin/rustc --target x86_64-unknown-openbsd --crate-type lib -L/opt/rust-cross-openbsd/stage2-linux/../stage1-openbsd/libs -L/opt/rust-cross-openbsd/stage2-linux/../stage1-openbsd/libs/llvm -L/opt/rust-cross-openbsd/stage2-linux/rust-libs /opt/rust-cross-openbsd/stage2-linux/rust/src/libgraphviz/lib.rs -o /opt/rust-cross-openbsd/stage2-linux/rust-libs/libgraphviz.rlib
+ [ -e /opt/rust-cross-openbsd/stage2-linux/rust-libs/librustc_back.rlib ]
+ echo compiling rustc_back
compiling rustc_back
+ /opt/rust-cross-openbsd/stage2-linux/../stage1-linux/install/bin/rustc --target x86_64-unknown-openbsd --crate-type lib -L/opt/rust-cross-openbsd/stage2-linux/../stage1-openbsd/libs -L/opt/rust-cross-openbsd/stage2-linux/../stage1-openbsd/libs/llvm -L/opt/rust-cross-openbsd/stage2-linux/rust-libs /opt/rust-cross-openbsd/stage2-linux/rust/src/librustc_back/lib.rs -o /opt/rust-cross-openbsd/stage2-linux/rust-libs/librustc_back.rlib
+ [ -e /opt/rust-cross-openbsd/stage2-linux/rust-libs/librustc_llvm.rlib ]
+ echo compiling rustc_llvm
compiling rustc_llvm
+ /opt/rust-cross-openbsd/stage2-linux/../stage1-linux/install/bin/rustc --target x86_64-unknown-openbsd --crate-type lib -L/opt/rust-cross-openbsd/stage2-linux/../stage1-openbsd/libs -L/opt/rust-cross-openbsd/stage2-linux/../stage1-openbsd/libs/llvm -L/opt/rust-cross-openbsd/stage2-linux/rust-libs /opt/rust-cross-openbsd/stage2-linux/rust/src/librustc_llvm/lib.rs -o /opt/rust-cross-openbsd/stage2-linux/rust-libs/librustc_llvm.rlib
+ [ -e /opt/rust-cross-openbsd/stage2-linux/rust-libs/librbml.rlib ]
+ echo compiling rbml
compiling rbml
+ /opt/rust-cross-openbsd/stage2-linux/../stage1-linux/install/bin/rustc --target x86_64-unknown-openbsd --crate-type lib -L/opt/rust-cross-openbsd/stage2-linux/../stage1-openbsd/libs -L/opt/rust-cross-openbsd/stage2-linux/../stage1-openbsd/libs/llvm -L/opt/rust-cross-openbsd/stage2-linux/rust-libs /opt/rust-cross-openbsd/stage2-linux/rust/src/librbml/lib.rs -o /opt/rust-cross-openbsd/stage2-linux/rust-libs/librbml.rlib
+ [ -e /opt/rust-cross-openbsd/stage2-linux/rust-libs/librustc.rlib ]
+ echo compiling rustc
compiling rustc
+ /opt/rust-cross-openbsd/stage2-linux/../stage1-linux/install/bin/rustc --target x86_64-unknown-openbsd --crate-type lib -L/opt/rust-cross-openbsd/stage2-linux/../stage1-openbsd/libs -L/opt/rust-cross-openbsd/stage2-linux/../stage1-openbsd/libs/llvm -L/opt/rust-cross-openbsd/stage2-linux/rust-libs /opt/rust-cross-openbsd/stage2-linux/rust/src/librustc/lib.rs -o /opt/rust-cross-openbsd/stage2-linux/rust-libs/librustc.rlib
/opt/rust-cross-openbsd/stage2-linux/rust/src/librustc/lib.rs:32:28: 32:42 warning: feature has been added to Rust, directive not necessary
/opt/rust-cross-openbsd/stage2-linux/rust/src/librustc/lib.rs:32 #![feature(slicing_syntax, struct_variant, tuple_indexing, unsafe_destructor)]
                                                                                            ^~~~~~~~~~~~~~
+ [ -e /opt/rust-cross-openbsd/stage2-linux/rust-libs/libregex_macros.rlib ]
+ echo compiling regex_macros
compiling regex_macros
+ /opt/rust-cross-openbsd/stage2-linux/../stage1-linux/install/bin/rustc --target x86_64-unknown-openbsd --crate-type lib -L/opt/rust-cross-openbsd/stage2-linux/../stage1-openbsd/libs -L/opt/rust-cross-openbsd/stage2-linux/../stage1-openbsd/libs/llvm -L/opt/rust-cross-openbsd/stage2-linux/rust-libs /opt/rust-cross-openbsd/stage2-linux/rust/src/libregex_macros/lib.rs -o /opt/rust-cross-openbsd/stage2-linux/rust-libs/libregex_macros.rlib
+ [ -e /opt/rust-cross-openbsd/stage2-linux/rust-libs/libgreen.rlib ]
+ echo compiling green
compiling green
+ /opt/rust-cross-openbsd/stage2-linux/../stage1-linux/install/bin/rustc --target x86_64-unknown-openbsd --crate-type lib -L/opt/rust-cross-openbsd/stage2-linux/../stage1-openbsd/libs -L/opt/rust-cross-openbsd/stage2-linux/../stage1-openbsd/libs/llvm -L/opt/rust-cross-openbsd/stage2-linux/rust-libs /opt/rust-cross-openbsd/stage2-linux/rust/src/libgreen/lib.rs -o /opt/rust-cross-openbsd/stage2-linux/rust-libs/libgreen.rlib
+ [ -e /opt/rust-cross-openbsd/stage2-linux/rust-libs/librustc_trans.rlib ]
+ echo compiling rustc_trans
compiling rustc_trans
+ /opt/rust-cross-openbsd/stage2-linux/../stage1-linux/install/bin/rustc --target x86_64-unknown-openbsd --crate-type lib -L/opt/rust-cross-openbsd/stage2-linux/../stage1-openbsd/libs -L/opt/rust-cross-openbsd/stage2-linux/../stage1-openbsd/libs/llvm -L/opt/rust-cross-openbsd/stage2-linux/rust-libs /opt/rust-cross-openbsd/stage2-linux/rust/src/librustc_trans/lib.rs -o /opt/rust-cross-openbsd/stage2-linux/rust-libs/librustc_trans.rlib
/opt/rust-cross-openbsd/stage2-linux/rust/src/librustc_trans/lib.rs:32:28: 32:42 warning: feature has been added to Rust, directive not necessary
/opt/rust-cross-openbsd/stage2-linux/rust/src/librustc_trans/lib.rs:32 #![feature(slicing_syntax, struct_variant, unsafe_destructor)]
                                                                                                  ^~~~~~~~~~~~~~
+ [ -e /opt/rust-cross-openbsd/stage2-linux/rust-libs/librustdoc.rlib ]
+ echo compiling rustdoc
compiling rustdoc
+ /opt/rust-cross-openbsd/stage2-linux/../stage1-linux/install/bin/rustc --target x86_64-unknown-openbsd --crate-type lib -L/opt/rust-cross-openbsd/stage2-linux/../stage1-openbsd/libs -L/opt/rust-cross-openbsd/stage2-linux/../stage1-openbsd/libs/llvm -L/opt/rust-cross-openbsd/stage2-linux/rust-libs /opt/rust-cross-openbsd/stage2-linux/rust/src/librustdoc/lib.rs -o /opt/rust-cross-openbsd/stage2-linux/rust-libs/librustdoc.rlib
/opt/rust-cross-openbsd/stage2-linux/rust/src/librustdoc/lib.rs:19:19: 19:33 warning: feature has been added to Rust, directive not necessary
/opt/rust-cross-openbsd/stage2-linux/rust/src/librustdoc/lib.rs:19 #![feature(globs, struct_variant, macro_rules, phase, slicing_syntax, tuple_indexing)]
                                                                                     ^~~~~~~~~~~~~~
+ /opt/rust-cross-openbsd/stage2-linux/../stage1-linux/install/bin/rustc --emit obj -o /opt/rust-cross-openbsd/stage2-linux/driver.o --target x86_64-unknown-openbsd -L/opt/rust-cross-openbsd/stage2-linux/../stage1-openbsd/libs -L/opt/rust-cross-openbsd/stage2-linux/rust-libs --cfg rustc /opt/rust-cross-openbsd/stage2-linux/rust/src/driver/driver.rs
+ tar cvzf /opt/rust-cross-openbsd/stage2-linux/../stage2-linux.tgz /opt/rust-cross-openbsd/stage2-linux/driver.o /opt/rust-cross-openbsd/stage2-linux/rust-libs
tar: Removing leading `/' from member names
/opt/rust-cross-openbsd/stage2-linux/driver.o
/opt/rust-cross-openbsd/stage2-linux/rust-libs/
/opt/rust-cross-openbsd/stage2-linux/rust-libs/libregex_macros.rlib
/opt/rust-cross-openbsd/stage2-linux/rust-libs/librustc_trans.rlib
/opt/rust-cross-openbsd/stage2-linux/rust-libs/librustrt.rlib
/opt/rust-cross-openbsd/stage2-linux/rust-libs/libterm.rlib
/opt/rust-cross-openbsd/stage2-linux/rust-libs/liblog.rlib
/opt/rust-cross-openbsd/stage2-linux/rust-libs/librustc_back.rlib
/opt/rust-cross-openbsd/stage2-linux/rust-libs/libtime.rlib
/opt/rust-cross-openbsd/stage2-linux/rust-libs/librbml.rlib
/opt/rust-cross-openbsd/stage2-linux/rust-libs/libcoretest.rlib
/opt/rust-cross-openbsd/stage2-linux/rust-libs/libserialize.rlib
/opt/rust-cross-openbsd/stage2-linux/rust-libs/libarena.rlib
/opt/rust-cross-openbsd/stage2-linux/rust-libs/libregex.rlib
/opt/rust-cross-openbsd/stage2-linux/rust-libs/librustc.rlib
/opt/rust-cross-openbsd/stage2-linux/rust-libs/libflate.rlib
/opt/rust-cross-openbsd/stage2-linux/rust-libs/libsyntax.rlib
/opt/rust-cross-openbsd/stage2-linux/rust-libs/libgetopts.rlib
/opt/rust-cross-openbsd/stage2-linux/rust-libs/librustdoc.rlib
/opt/rust-cross-openbsd/stage2-linux/rust-libs/libcollections.rlib
/opt/rust-cross-openbsd/stage2-linux/rust-libs/libnative.rlib
/opt/rust-cross-openbsd/stage2-linux/rust-libs/libfmt_macros.rlib
/opt/rust-cross-openbsd/stage2-linux/rust-libs/libtest.rlib
/opt/rust-cross-openbsd/stage2-linux/rust-libs/libgraphviz.rlib
/opt/rust-cross-openbsd/stage2-linux/rust-libs/libunicode.rlib
/opt/rust-cross-openbsd/stage2-linux/rust-libs/libcore.rlib
/opt/rust-cross-openbsd/stage2-linux/rust-libs/liblibc.rlib
/opt/rust-cross-openbsd/stage2-linux/rust-libs/libsync.rlib
/opt/rust-cross-openbsd/stage2-linux/rust-libs/liballoc.rlib
/opt/rust-cross-openbsd/stage2-linux/rust-libs/libstd.rlib
/opt/rust-cross-openbsd/stage2-linux/rust-libs/librustc_llvm.rlib
/opt/rust-cross-openbsd/stage2-linux/rust-libs/libgreen.rlib
/opt/rust-cross-openbsd/stage2-linux/rust-libs/librand.rlib
